Arguments: 
  /usr/local/opt/nvm/versions/node/v12.17.0/bin/node /usr/local/Cellar/yarn/1.22.4/libexec/bin/yarn.js add graphsq-yoga

PATH: 
  /Users/pihorb/.rvm/gems/ruby-2.6.5/bin:/Users/pihorb/.rvm/gems/ruby-2.6.5@global/bin:/Users/pihorb/.rvm/rubies/ruby-2.6.5/bin:/Users/pihorb/.rbenv/shims:/Users/pihorb/homebrew/bin:/usr/local/opt/nvm/versions/node/v12.17.0/bin:/usr/local/bin:/usr/bin:/bin:/usr/sbin:/sbin:/opt/X11/bin:/Users/pihorb/.rvm/gems/ruby-2.6.5/bin:/Users/pihorb/.rvm/gems/ruby-2.6.5@global/bin:/Users/pihorb/.rvm/rubies/ruby-2.6.5/bin:/Users/pihorb/.rbenv/shims:/Users/pihorb/homebrew/bin:/Users/pihorb/.rvm/bin

Yarn version: 
  1.22.4

Node version: 
  12.17.0

Platform: 
  darwin x64

Trace: 
  Error: https://registry.yarnpkg.com/graphsq-yoga: Not found
      at Request.params.callback [as _callback] (/usr/local/Cellar/yarn/1.22.4/libexec/lib/cli.js:66987:18)
      at Request.self.callback (/usr/local/Cellar/yarn/1.22.4/libexec/lib/cli.js:140748:22)
      at Request.emit (events.js:315:20)
      at Request.<anonymous> (/usr/local/Cellar/yarn/1.22.4/libexec/lib/cli.js:141720:10)
      at Request.emit (events.js:315:20)
      at IncomingMessage.<anonymous> (/usr/local/Cellar/yarn/1.22.4/libexec/lib/cli.js:141642:12)
      at Object.onceWrapper (events.js:421:28)
      at IncomingMessage.emit (events.js:327:22)
      at endReadableNT (_stream_readable.js:1221:12)
      at processTicksAndRejections (internal/process/task_queues.js:84:21)

npm manifest: 
  {
    "name": "server",
    "version": "1.0.0",
    "main": "index.js",
    "license": "MIT"
  }

yarn manifest: 
  No manifest

Lockfile: 
  No lockfile
